0 info it worked if it ends with ok
1 verbose cli [ 'C:\\Program Files\\nodejs\\\\node.exe',
1 verbose cli   'C:\\Program Files\\nodejs\\node_modules\\npm\\bin\\npm-cli.js',
1 verbose cli   'install',
1 verbose cli   'angular-cookies@X.Y.Z' ]
2 info using npm@2.7.4
3 info using node@v0.12.2
4 verbose node symlink C:\Program Files\nodejs\\node.exe
5 warn package.json taskProject2x@1.0.0 No description
6 warn package.json gulp-minify-css@1.2.4 No repository field.
7 silly cache add args [ 'angular-cookies@X.Y.Z', null ]
8 verbose cache add spec angular-cookies@X.Y.Z
9 silly cache add parsed spec { raw: 'angular-cookies@X.Y.Z',
9 silly cache add   scope: null,
9 silly cache add   name: 'angular-cookies',
9 silly cache add   rawSpec: 'X.Y.Z',
9 silly cache add   spec: 'X.Y.Z',
9 silly cache add   type: 'tag' }
10 verbose addNamed angular-cookies@X.Y.Z
11 silly addNamed semver.valid null
12 silly addNamed semver.validRange null
13 info addNameTag [ 'angular-cookies', 'X.Y.Z' ]
14 silly mapToRegistry name angular-cookies
15 silly mapToRegistry using default registry
16 silly mapToRegistry registry https://registry.npmjs.org/
17 silly mapToRegistry uri https://registry.npmjs.org/angular-cookies
18 verbose addNameTag registry:https://registry.npmjs.org/angular-cookies not in flight; fetching
19 verbose request uri https://registry.npmjs.org/angular-cookies
20 verbose request no auth needed
21 info attempt registry request try #1 at 20:31:44
22 verbose request id e7c76368ed7d180c
23 http request GET https://registry.npmjs.org/angular-cookies
24 http 200 https://registry.npmjs.org/angular-cookies
25 silly get cb [ 200,
25 silly get   { server: 'CouchDB/1.5.0 (Erlang OTP/R16B03)',
25 silly get     etag: '"5QWVTXJ39QS1TAJWWEYTJIXQB"',
25 silly get     'content-type': 'application/json',
25 silly get     'content-encoding': 'gzip',
25 silly get     'cache-control': 'max-age=300',
25 silly get     'content-length': '12990',
25 silly get     'accept-ranges': 'bytes',
25 silly get     date: 'Fri, 11 Nov 2016 17:31:55 GMT',
25 silly get     via: '1.1 varnish',
25 silly get     age: '123',
25 silly get     connection: 'keep-alive',
25 silly get     'x-served-by': 'cache-lhr6342-LHR',
25 silly get     'x-cache': 'HIT',
25 silly get     'x-cache-hits': '1',
25 silly get     'x-timer': 'S1478885515.384043,VS0,VE0',
25 silly get     vary: 'Accept-Encoding' } ]
26 verbose get saving angular-cookies to C:\Users\Tatyana\AppData\Roaming\npm-cache\registry.npmjs.org\angular-cookies\.cache.json
27 silly addNameTag next cb for angular-cookies with tag X.Y.Z
28 verbose stack Error: No compatible version found: angular-cookies@'X.Y.Z'
28 verbose stack Valid install targets:
28 verbose stack ["1.2.20","1.2.0","1.2.1","1.2.2","1.2.3","1.2.4","1.2.5","1.2.6","1.2.7","1.2.8","1.2.9","1.2.10","1.2.11","1.2.12","1.2.13","1.2.14","1.2.15","1.2.16","1.2.17","1.2.18","1.2.19","1.3.0-rc.5","1.3.0","1.3.1","1.3.2","1.3.3","1.3.4-build.3588","1.2.27","1.3.4","1.3.5","1.3.6","1.3.7","1.2.28","1.3.8","1.4.0-beta.0","1.3.9","1.3.10","1.4.0-beta.1","1.4.0-beta.2","1.3.11","1.4.0-beta.3","1.3.12","1.3.13","1.4.0-beta.4","1.3.14","1.4.0-beta.5","1.4.0-beta.6","1.3.15","1.4.0-rc.0","1.4.0-rc.1","1.4.0-rc.2","1.4.0","1.3.16","1.4.1","1.4.2","1.3.17","1.4.3","1.4.4","1.3.18","1.4.5","1.3.19","1.4.6","1.5.0-beta.0","1.2.29","1.3.20","1.4.7","1.5.0-beta.2","1.4.8","1.5.0-rc.0","1.5.0-rc.1","1.4.9","1.5.0-rc.2","1.5.0","1.5.1","1.4.10","1.5.2","1.5.3","1.5.5","1.4.11","1.5.6","1.4.12","1.5.7","1.2.30","1.5.8","1.4.13","1.2.31","1.2.32","1.4.14","1.6.0-rc.0"]
28 verbose stack
28 verbose stack     at installTargetsError (C:\Program Files\nodejs\node_modules\npm\lib\cache\add-named.js:259:12)
28 verbose stack     at next (C:\Program Files\nodejs\node_modules\npm\lib\cache\add-named.js:79:10)
28 verbose stack     at RES (C:\Program Files\nodejs\node_modules\npm\node_modules\inflight\inflight.js:23:14)
28 verbose stack     at f (C:\Program Files\nodejs\node_modules\npm\node_modules\once\once.js:17:25)
28 verbose stack     at saved (C:\Program Files\nodejs\node_modules\npm\lib\cache\caching-client.js:173:7)
28 verbose stack     at FSReqWrap.oncomplete (fs.js:95:15)
29 verbose cwd D:\repositories\taskProject2x
30 error Windows_NT 6.1.7601
31 error argv "C:\\Program Files\\nodejs\\\\node.exe" "C:\\Program Files\\nodejs\\node_modules\\npm\\bin\\npm-cli.js" "install" "angular-cookies@X.Y.Z"
32 error node v0.12.2
33 error npm  v2.7.4
34 error code ETARGET
35 error notarget No compatible version found: angular-cookies@'X.Y.Z'
35 error notarget Valid install targets:
35 error notarget ["1.2.20","1.2.0","1.2.1","1.2.2","1.2.3","1.2.4","1.2.5","1.2.6","1.2.7","1.2.8","1.2.9","1.2.10","1.2.11","1.2.12","1.2.13","1.2.14","1.2.15","1.2.16","1.2.17","1.2.18","1.2.19","1.3.0-rc.5","1.3.0","1.3.1","1.3.2","1.3.3","1.3.4-build.3588","1.2.27","1.3.4","1.3.5","1.3.6","1.3.7","1.2.28","1.3.8","1.4.0-beta.0","1.3.9","1.3.10","1.4.0-beta.1","1.4.0-beta.2","1.3.11","1.4.0-beta.3","1.3.12","1.3.13","1.4.0-beta.4","1.3.14","1.4.0-beta.5","1.4.0-beta.6","1.3.15","1.4.0-rc.0","1.4.0-rc.1","1.4.0-rc.2","1.4.0","1.3.16","1.4.1","1.4.2","1.3.17","1.4.3","1.4.4","1.3.18","1.4.5","1.3.19","1.4.6","1.5.0-beta.0","1.2.29","1.3.20","1.4.7","1.5.0-beta.2","1.4.8","1.5.0-rc.0","1.5.0-rc.1","1.4.9","1.5.0-rc.2","1.5.0","1.5.1","1.4.10","1.5.2","1.5.3","1.5.5","1.4.11","1.5.6","1.4.12","1.5.7","1.2.30","1.5.8","1.4.13","1.2.31","1.2.32","1.4.14","1.6.0-rc.0"]
35 error notarget
35 error notarget This is most likely not a problem with npm itself.
35 error notarget In most cases you or one of your dependencies are requesting
35 error notarget a package version that doesn't exist.
35 error notarget
35 error notarget It was specified as a dependency of 'taskProject2x'
36 verbose exit [ 1, true ]
